2020-03-02 18:38:28,091 [main] INFO  mortgag-calculator.env - 
-=[mortgag-calculator started successfully using the development profile]=- 
2020-03-02 18:38:32,085 [main] INFO  luminus.http-server - server started on port 3000 
2020-03-02 18:38:32,087 [main] INFO  mortgag-calculator.nrepl - starting nREPL server on port 7000 
2020-03-02 18:38:32,158 [main] INFO  mortgag-calculator.core - #'mortgag-calculator.db.core/*db* started 
2020-03-02 18:38:32,159 [main] INFO  mortgag-calculator.core - #'mortgag-calculator.handler/init-app started 
2020-03-02 18:38:32,159 [main] INFO  mortgag-calculator.core - #'mortgag-calculator.handler/app-routes started 
2020-03-02 18:38:32,159 [main] INFO  mortgag-calculator.core - #'mortgag-calculator.core/http-server started 
2020-03-02 18:38:32,160 [main] INFO  mortgag-calculator.core - #'mortgag-calculator.core/repl-server started 
2020-03-02 19:05:14,628 [qtp606705962-30] INFO  mortgag-calculator.env - 
-=[mortgag-calculator has shut down successfully]=- 
2020-03-02 19:05:14,658 [qtp606705962-30] INFO  mortgag-calculator.env - 
-=[mortgag-calculator started successfully using the development profile]=- 
2020-03-02 19:19:15,995 [qtp606705962-27] INFO  mortgag-calculator.env - 
-=[mortgag-calculator has shut down successfully]=- 
2020-03-02 19:19:16,015 [qtp606705962-27] INFO  mortgag-calculator.env - 
-=[mortgag-calculator started successfully using the development profile]=- 
2020-03-02 19:28:06,052 [qtp606705962-33] INFO  mortgag-calculator.env - 
-=[mortgag-calculator has shut down successfully]=- 
2020-03-02 19:28:06,054 [qtp606705962-33] INFO  mortgag-calculator.env - 
-=[mortgag-calculator started successfully using the development profile]=- 
2020-03-02 19:30:50,504 [qtp606705962-27] INFO  mortgag-calculator.env - 
-=[mortgag-calculator has shut down successfully]=- 
2020-03-02 19:30:50,506 [qtp606705962-27] INFO  mortgag-calculator.env - 
-=[mortgag-calculator started successfully using the development profile]=- 
2020-03-02 19:35:57,944 [qtp606705962-27] INFO  mortgag-calculator.env - 
-=[mortgag-calculator has shut down successfully]=- 
2020-03-02 19:35:57,948 [qtp606705962-27] INFO  mortgag-calculator.env - 
-=[mortgag-calculator started successfully using the development profile]=- 
2020-03-02 19:39:37,401 [Thread-10] INFO  mortgag-calculator.nrepl - nREPL server stopped 
2020-03-02 19:39:37,490 [Thread-10] INFO  luminus.http-server - HTTP server stopped 
2020-03-02 19:39:37,491 [Thread-10] INFO  mortgag-calculator.env - 
-=[mortgag-calculator has shut down successfully]=- 
2020-03-02 19:39:37,503 [Thread-10] INFO  mortgag-calculator.core - #'mortgag-calculator.core/repl-server stopped 
2020-03-02 19:39:37,503 [Thread-10] INFO  mortgag-calculator.core - #'mortgag-calculator.core/http-server stopped 
2020-03-02 19:39:37,503 [Thread-10] INFO  mortgag-calculator.core - #'mortgag-calculator.handler/init-app stopped 
2020-03-02 19:39:37,503 [Thread-10] INFO  mortgag-calculator.core - #'mortgag-calculator.db.core/*db* stopped 
2020-03-02 19:40:21,889 [main] INFO  mortgag-calculator.env - 
-=[mortgag-calculator started successfully using the development profile]=- 
2020-03-02 19:40:23,700 [main] INFO  luminus.http-server - server started on port 3000 
2020-03-02 19:40:23,705 [main] INFO  mortgag-calculator.nrepl - starting nREPL server on port 7000 
2020-03-02 19:40:23,743 [main] INFO  mortgag-calculator.core - #'mortgag-calculator.db.core/*db* started 
2020-03-02 19:40:23,744 [main] INFO  mortgag-calculator.core - #'mortgag-calculator.handler/init-app started 
2020-03-02 19:40:23,744 [main] INFO  mortgag-calculator.core - #'mortgag-calculator.handler/app-routes started 
2020-03-02 19:40:23,744 [main] INFO  mortgag-calculator.core - #'mortgag-calculator.core/http-server started 
2020-03-02 19:40:23,744 [main] INFO  mortgag-calculator.core - #'mortgag-calculator.core/repl-server started 
2020-03-02 19:44:55,820 [Thread-10] INFO  mortgag-calculator.nrepl - nREPL server stopped 
2020-03-02 19:44:55,844 [Thread-10] INFO  luminus.http-server - HTTP server stopped 
2020-03-02 19:44:55,845 [Thread-10] INFO  mortgag-calculator.env - 
-=[mortgag-calculator has shut down successfully]=- 
2020-03-02 19:44:55,861 [Thread-10] INFO  mortgag-calculator.core - #'mortgag-calculator.core/repl-server stopped 
2020-03-02 19:44:55,861 [Thread-10] INFO  mortgag-calculator.core - #'mortgag-calculator.core/http-server stopped 
2020-03-02 19:44:55,862 [Thread-10] INFO  mortgag-calculator.core - #'mortgag-calculator.handler/init-app stopped 
2020-03-02 19:44:55,862 [Thread-10] INFO  mortgag-calculator.core - #'mortgag-calculator.db.core/*db* stopped 
2020-03-02 19:46:14,340 [main] INFO  migratus.core - Starting migrations 
2020-03-02 19:46:14,809 [main] DEBUG migratus.migrations - Looking for migrations in #object[java.io.File 0x464c18c8 /home/yangaxnkohla/Documents/DevProjects/mortgag-calculator/resources/migrations] 
2020-03-02 19:46:14,846 [main] INFO  migratus.core - Ending migrations 
2020-03-02 19:46:53,927 [main] INFO  mortgag-calculator.env - 
-=[mortgag-calculator started successfully using the development profile]=- 
2020-03-02 19:46:55,065 [main] INFO  luminus.http-server - server started on port 3000 
2020-03-02 19:46:55,067 [main] INFO  mortgag-calculator.nrepl - starting nREPL server on port 7000 
2020-03-02 19:46:55,095 [main] INFO  mortgag-calculator.core - #'mortgag-calculator.db.core/*db* started 
2020-03-02 19:46:55,095 [main] INFO  mortgag-calculator.core - #'mortgag-calculator.handler/init-app started 
2020-03-02 19:46:55,095 [main] INFO  mortgag-calculator.core - #'mortgag-calculator.handler/app-routes started 
2020-03-02 19:46:55,095 [main] INFO  mortgag-calculator.core - #'mortgag-calculator.core/http-server started 
2020-03-02 19:46:55,095 [main] INFO  mortgag-calculator.core - #'mortgag-calculator.core/repl-server started 
2020-03-02 20:01:32,605 [Thread-10] INFO  mortgag-calculator.nrepl - nREPL server stopped 
2020-03-02 20:01:32,704 [Thread-10] INFO  luminus.http-server - HTTP server stopped 
2020-03-02 20:01:32,705 [Thread-10] INFO  mortgag-calculator.env - 
-=[mortgag-calculator has shut down successfully]=- 
2020-03-02 20:01:32,717 [Thread-10] INFO  mortgag-calculator.core - #'mortgag-calculator.core/repl-server stopped 
2020-03-02 20:01:32,718 [Thread-10] INFO  mortgag-calculator.core - #'mortgag-calculator.core/http-server stopped 
2020-03-02 20:01:32,718 [Thread-10] INFO  mortgag-calculator.core - #'mortgag-calculator.handler/init-app stopped 
2020-03-02 20:01:32,718 [Thread-10] INFO  mortgag-calculator.core - #'mortgag-calculator.db.core/*db* stopped 
2020-03-02 20:02:09,961 [main] INFO  migratus.core - Starting migrations 
2020-03-02 20:02:10,368 [main] DEBUG migratus.migrations - Looking for migrations in #object[java.io.File 0x6902e2bf /home/yangaxnkohla/Documents/DevProjects/mortgag-calculator/resources/migrations] 
2020-03-02 20:02:10,391 [main] INFO  migratus.core - Ending migrations 
2020-03-02 20:03:08,598 [main] INFO  mortgag-calculator.env - 
-=[mortgag-calculator started successfully using the development profile]=- 
2020-03-02 20:03:09,755 [main] INFO  luminus.http-server - server started on port 3000 
2020-03-02 20:03:09,758 [main] INFO  mortgag-calculator.nrepl - starting nREPL server on port 7000 
2020-03-02 20:03:09,808 [main] INFO  mortgag-calculator.core - #'mortgag-calculator.db.core/*db* started 
2020-03-02 20:03:09,810 [main] INFO  mortgag-calculator.core - #'mortgag-calculator.handler/init-app started 
2020-03-02 20:03:09,810 [main] INFO  mortgag-calculator.core - #'mortgag-calculator.handler/app-routes started 
2020-03-02 20:03:09,811 [main] INFO  mortgag-calculator.core - #'mortgag-calculator.core/http-server started 
2020-03-02 20:03:09,811 [main] INFO  mortgag-calculator.core - #'mortgag-calculator.core/repl-server started 
2020-03-02 20:25:03,023 [Thread-10] INFO  mortgag-calculator.nrepl - nREPL server stopped 
2020-03-02 20:25:03,053 [Thread-10] INFO  luminus.http-server - HTTP server stopped 
2020-03-02 20:25:03,055 [Thread-10] INFO  mortgag-calculator.env - 
-=[mortgag-calculator has shut down successfully]=- 
2020-03-02 20:25:03,076 [Thread-10] INFO  mortgag-calculator.core - #'mortgag-calculator.core/repl-server stopped 
2020-03-02 20:25:03,076 [Thread-10] INFO  mortgag-calculator.core - #'mortgag-calculator.core/http-server stopped 
2020-03-02 20:25:03,076 [Thread-10] INFO  mortgag-calculator.core - #'mortgag-calculator.handler/init-app stopped 
2020-03-02 20:25:03,077 [Thread-10] INFO  mortgag-calculator.core - #'mortgag-calculator.db.core/*db* stopped 
2020-03-02 20:25:35,071 [main] INFO  migratus.core - Starting migrations 
2020-03-02 20:25:35,523 [main] DEBUG migratus.migrations - Looking for migrations in #object[java.io.File 0x6902e2bf /home/yangaxnkohla/Documents/DevProjects/mortgag-calculator/resources/migrations] 
2020-03-02 20:25:35,551 [main] INFO  migratus.core - Ending migrations 
2020-03-02 20:26:35,876 [main] INFO  mortgag-calculator.env - 
-=[mortgag-calculator started successfully using the development profile]=- 
2020-03-02 20:26:37,454 [main] INFO  luminus.http-server - server started on port 3000 
2020-03-02 20:26:37,457 [main] INFO  mortgag-calculator.nrepl - starting nREPL server on port 7000 
2020-03-02 20:26:37,488 [main] INFO  mortgag-calculator.core - #'mortgag-calculator.db.core/*db* started 
2020-03-02 20:26:37,489 [main] INFO  mortgag-calculator.core - #'mortgag-calculator.handler/init-app started 
2020-03-02 20:26:37,490 [main] INFO  mortgag-calculator.core - #'mortgag-calculator.handler/app-routes started 
2020-03-02 20:26:37,490 [main] INFO  mortgag-calculator.core - #'mortgag-calculator.core/http-server started 
2020-03-02 20:26:37,491 [main] INFO  mortgag-calculator.core - #'mortgag-calculator.core/repl-server started 
2020-03-02 20:32:24,912 [qtp790182517-28] INFO  mortgag-calculator.env - 
-=[mortgag-calculator has shut down successfully]=- 
2020-03-02 20:32:24,914 [qtp790182517-28] INFO  mortgag-calculator.env - 
-=[mortgag-calculator started successfully using the development profile]=- 
2020-03-02 20:43:32,216 [Thread-10] INFO  mortgag-calculator.nrepl - nREPL server stopped 
2020-03-02 20:43:32,334 [Thread-10] INFO  luminus.http-server - HTTP server stopped 
2020-03-02 20:43:32,336 [Thread-10] INFO  mortgag-calculator.env - 
-=[mortgag-calculator has shut down successfully]=- 
2020-03-02 20:43:32,357 [Thread-10] INFO  mortgag-calculator.core - #'mortgag-calculator.core/repl-server stopped 
2020-03-02 20:43:32,358 [Thread-10] INFO  mortgag-calculator.core - #'mortgag-calculator.core/http-server stopped 
2020-03-02 20:43:32,358 [Thread-10] INFO  mortgag-calculator.core - #'mortgag-calculator.handler/init-app stopped 
2020-03-02 20:43:32,358 [Thread-10] INFO  mortgag-calculator.core - #'mortgag-calculator.db.core/*db* stopped 
2020-03-02 20:44:13,781 [main] INFO  mortgag-calculator.env - 
-=[mortgag-calculator started successfully using the development profile]=- 
2020-03-02 20:44:15,308 [main] INFO  luminus.http-server - server started on port 3000 
2020-03-02 20:44:15,311 [main] INFO  mortgag-calculator.nrepl - starting nREPL server on port 7000 
2020-03-02 20:44:15,383 [main] INFO  mortgag-calculator.core - #'mortgag-calculator.db.core/*db* started 
2020-03-02 20:44:15,383 [main] INFO  mortgag-calculator.core - #'mortgag-calculator.handler/init-app started 
2020-03-02 20:44:15,383 [main] INFO  mortgag-calculator.core - #'mortgag-calculator.handler/app-routes started 
2020-03-02 20:44:15,384 [main] INFO  mortgag-calculator.core - #'mortgag-calculator.core/http-server started 
2020-03-02 20:44:15,390 [main] INFO  mortgag-calculator.core - #'mortgag-calculator.core/repl-server started 
2020-03-02 21:12:29,942 [qtp790182517-30] INFO  mortgag-calculator.env - 
-=[mortgag-calculator has shut down successfully]=- 
2020-03-02 21:12:29,952 [qtp790182517-30] INFO  mortgag-calculator.env - 
-=[mortgag-calculator started successfully using the development profile]=- 
2020-03-02 21:21:10,502 [qtp790182517-31] INFO  mortgag-calculator.env - 
-=[mortgag-calculator has shut down successfully]=- 
2020-03-02 21:21:10,504 [qtp790182517-31] INFO  mortgag-calculator.env - 
-=[mortgag-calculator started successfully using the development profile]=- 
2020-03-02 21:32:41,989 [qtp790182517-26] INFO  mortgag-calculator.env - 
-=[mortgag-calculator has shut down successfully]=- 
2020-03-02 21:32:41,993 [qtp790182517-26] INFO  mortgag-calculator.env - 
-=[mortgag-calculator started successfully using the development profile]=- 
2020-03-02 21:36:07,721 [qtp790182517-33] INFO  mortgag-calculator.env - 
-=[mortgag-calculator has shut down successfully]=- 
2020-03-02 21:36:07,723 [qtp790182517-33] INFO  mortgag-calculator.env - 
-=[mortgag-calculator started successfully using the development profile]=- 
2020-03-02 22:32:06,266 [qtp790182517-29] INFO  mortgag-calculator.env - 
-=[mortgag-calculator has shut down successfully]=- 
2020-03-02 22:32:06,287 [qtp790182517-29] INFO  mortgag-calculator.env - 
-=[mortgag-calculator started successfully using the development profile]=- 
2020-03-02 22:41:12,647 [qtp790182517-32] INFO  mortgag-calculator.env - 
-=[mortgag-calculator has shut down successfully]=- 
2020-03-02 22:41:12,648 [qtp790182517-32] INFO  mortgag-calculator.env - 
-=[mortgag-calculator started successfully using the development profile]=- 
2020-03-02 22:44:45,628 [qtp790182517-31] INFO  mortgag-calculator.env - 
-=[mortgag-calculator has shut down successfully]=- 
2020-03-02 22:44:45,630 [qtp790182517-31] INFO  mortgag-calculator.env - 
-=[mortgag-calculator started successfully using the development profile]=- 
2020-03-02 22:50:12,914 [qtp790182517-29] INFO  mortgag-calculator.env - 
-=[mortgag-calculator has shut down successfully]=- 
2020-03-02 22:50:12,915 [qtp790182517-29] INFO  mortgag-calculator.env - 
-=[mortgag-calculator started successfully using the development profile]=- 
