2020-02-27 19:25:17,268 [main] INFO  mortgag-calculator.env - 
-=[mortgag-calculator started successfully using the development profile]=- 
2020-02-27 19:25:21,117 [main] INFO  luminus.http-server - server started on port 3000 
2020-02-27 19:25:21,136 [main] INFO  mortgag-calculator.nrepl - starting nREPL server on port 7000 
2020-02-27 19:25:21,243 [main] INFO  mortgag-calculator.core - #'mortgag-calculator.db.core/*db* started 
2020-02-27 19:25:21,244 [main] INFO  mortgag-calculator.core - #'mortgag-calculator.handler/init-app started 
2020-02-27 19:25:21,244 [main] INFO  mortgag-calculator.core - #'mortgag-calculator.handler/app-routes started 
2020-02-27 19:25:21,244 [main] INFO  mortgag-calculator.core - #'mortgag-calculator.core/http-server started 
2020-02-27 19:25:21,245 [main] INFO  mortgag-calculator.core - #'mortgag-calculator.core/repl-server started 
2020-02-27 19:58:24,883 [Thread-10] INFO  mortgag-calculator.nrepl - nREPL server stopped 
2020-02-27 19:58:25,981 [Thread-10] INFO  luminus.http-server - HTTP server stopped 
2020-02-27 19:58:25,982 [Thread-10] INFO  mortgag-calculator.env - 
-=[mortgag-calculator has shut down successfully]=- 
2020-02-27 19:58:26,010 [Thread-10] INFO  mortgag-calculator.core - #'mortgag-calculator.core/repl-server stopped 
2020-02-27 19:58:26,010 [Thread-10] INFO  mortgag-calculator.core - #'mortgag-calculator.core/http-server stopped 
2020-02-27 19:58:26,010 [Thread-10] INFO  mortgag-calculator.core - #'mortgag-calculator.handler/init-app stopped 
2020-02-27 19:58:26,010 [Thread-10] INFO  mortgag-calculator.core - #'mortgag-calculator.db.core/*db* stopped 
2020-02-27 20:04:55,314 [main] INFO  migratus.core - Starting migrations 
2020-02-27 20:04:56,593 [main] INFO  migratus.database - creating migration table 'schema_migrations' 
2020-02-27 20:04:56,654 [main] DEBUG migratus.migrations - Looking for migrations in #object[java.io.File 0x165e3835 /home/yangaxnkohla/Documents/DevProjects/mortgag-calculator/resources/migrations] 
2020-02-27 20:04:56,695 [main] INFO  migratus.core - Running up for [20200227190756] 
2020-02-27 20:04:56,697 [main] INFO  migratus.core - Up 20200227190756-add-users-table 
2020-02-27 20:04:56,734 [main] DEBUG migratus.migration.sql - found 1 up migrations 
2020-02-27 20:04:56,771 [main] DEBUG migratus.database - marking 20200227190756 complete 
2020-02-27 20:04:56,825 [main] INFO  migratus.core - Ending migrations 
2020-02-27 21:27:16,066 [main] INFO  migratus.core - Starting migrations 
2020-02-27 21:27:16,145 [main] INFO  migratus.database - creating migration table 'schema_migrations' 
2020-02-27 21:27:16,251 [main] DEBUG migratus.migrations - Looking for migrations in #object[java.io.File 0x533c62d0 /home/yangaxnkohla/Documents/DevProjects/mortgag-calculator/resources/migrations] 
2020-02-27 21:27:16,326 [main] INFO  migratus.core - Running up for [20200227190756] 
2020-02-27 21:27:16,331 [main] INFO  migratus.core - Up 20200227190756-add-users-table 
2020-02-27 21:27:16,358 [main] DEBUG migratus.migration.sql - found 1 up migrations 
2020-02-27 21:27:16,385 [main] DEBUG migratus.database - marking 20200227190756 complete 
2020-02-27 21:27:16,435 [main] INFO  migratus.core - Ending migrations 
2020-02-27 21:32:03,772 [main] INFO  migratus.core - Starting migrations 
2020-02-27 21:32:03,906 [main] DEBUG migratus.migrations - Looking for migrations in #object[java.io.File 0x16a3060c /home/yangaxnkohla/Documents/DevProjects/mortgag-calculator/resources/migrations] 
2020-02-27 21:32:03,924 [main] INFO  migratus.core - Ending migrations 
2020-02-27 21:37:14,912 [main] INFO  migratus.core - Starting migrations 
2020-02-27 21:37:14,983 [main] DEBUG migratus.migrations - Looking for migrations in #object[java.io.File 0x16a3060c /home/yangaxnkohla/Documents/DevProjects/mortgag-calculator/resources/migrations] 
2020-02-27 21:37:14,992 [main] INFO  migratus.core - Ending migrations 
2020-02-27 21:40:35,123 [main] INFO  migratus.core - Starting migrations 
2020-02-27 21:40:35,229 [main] DEBUG migratus.migrations - Looking for migrations in #object[java.io.File 0x16a3060c /home/yangaxnkohla/Documents/DevProjects/mortgag-calculator/resources/migrations] 
2020-02-27 21:40:35,266 [main] INFO  migratus.core - Ending migrations 
2020-02-27 21:42:21,197 [main] INFO  migratus.core - Starting migrations 
2020-02-27 21:42:21,295 [main] DEBUG migratus.migrations - Looking for migrations in #object[java.io.File 0x16a3060c /home/yangaxnkohla/Documents/DevProjects/mortgag-calculator/resources/migrations] 
2020-02-27 21:42:21,328 [main] INFO  migratus.core - Ending migrations 
2020-02-27 21:49:21,169 [main] INFO  mortgag-calculator.env - 
-=[mortgag-calculator started successfully using the development profile]=- 
2020-02-27 21:49:22,516 [main] INFO  luminus.http-server - server started on port 3000 
2020-02-27 21:49:22,525 [main] INFO  mortgag-calculator.nrepl - starting nREPL server on port 7000 
2020-02-27 21:49:22,560 [main] INFO  mortgag-calculator.core - #'mortgag-calculator.db.core/*db* started 
2020-02-27 21:49:22,561 [main] INFO  mortgag-calculator.core - #'mortgag-calculator.handler/init-app started 
2020-02-27 21:49:22,562 [main] INFO  mortgag-calculator.core - #'mortgag-calculator.handler/app-routes started 
2020-02-27 21:49:22,563 [main] INFO  mortgag-calculator.core - #'mortgag-calculator.core/http-server started 
2020-02-27 21:49:22,563 [main] INFO  mortgag-calculator.core - #'mortgag-calculator.core/repl-server started 
2020-02-27 22:02:24,296 [qtp1590743890-28] INFO  mortgag-calculator.env - 
-=[mortgag-calculator has shut down successfully]=- 
2020-02-27 22:02:24,383 [qtp1590743890-28] INFO  mortgag-calculator.env - 
-=[mortgag-calculator started successfully using the development profile]=- 
2020-02-27 23:33:47,923 [qtp1590743890-26] INFO  mortgag-calculator.env - 
-=[mortgag-calculator has shut down successfully]=- 
2020-02-27 23:33:47,973 [qtp1590743890-26] INFO  mortgag-calculator.env - 
-=[mortgag-calculator started successfully using the development profile]=- 
2020-02-27 23:45:24,525 [qtp1590743890-29] INFO  mortgag-calculator.env - 
-=[mortgag-calculator has shut down successfully]=- 
2020-02-27 23:45:24,529 [qtp1590743890-29] INFO  mortgag-calculator.env - 
-=[mortgag-calculator started successfully using the development profile]=- 
2020-02-27 23:51:38,246 [qtp1590743890-32] INFO  mortgag-calculator.env - 
-=[mortgag-calculator has shut down successfully]=- 
2020-02-27 23:51:38,250 [qtp1590743890-32] INFO  mortgag-calculator.env - 
-=[mortgag-calculator started successfully using the development profile]=- 
2020-02-27 23:59:28,175 [qtp1590743890-28] INFO  mortgag-calculator.env - 
-=[mortgag-calculator has shut down successfully]=- 
2020-02-27 23:59:28,180 [qtp1590743890-28] INFO  mortgag-calculator.env - 
-=[mortgag-calculator started successfully using the development profile]=- 
2020-02-27 23:59:29,800 [qtp1590743890-28] INFO  mortgag-calculator.env - 
-=[mortgag-calculator has shut down successfully]=- 
2020-02-27 23:59:29,802 [qtp1590743890-28] INFO  mortgag-calculator.env - 
-=[mortgag-calculator started successfully using the development profile]=- 
