2020-02-28 00:04:49,141 [Thread-10] INFO  mortgag-calculator.nrepl - nREPL server stopped 
2020-02-28 00:04:49,763 [Thread-10] INFO  luminus.http-server - HTTP server stopped 
2020-02-28 00:04:49,764 [Thread-10] INFO  mortgag-calculator.env - 
-=[mortgag-calculator has shut down successfully]=- 
2020-02-28 00:04:49,786 [Thread-10] INFO  mortgag-calculator.core - #'mortgag-calculator.core/repl-server stopped 
2020-02-28 00:04:49,786 [Thread-10] INFO  mortgag-calculator.core - #'mortgag-calculator.core/http-server stopped 
2020-02-28 00:04:49,786 [Thread-10] INFO  mortgag-calculator.core - #'mortgag-calculator.handler/init-app stopped 
2020-02-28 00:04:49,786 [Thread-10] INFO  mortgag-calculator.core - #'mortgag-calculator.db.core/*db* stopped 
2020-02-28 00:05:51,575 [main] INFO  migratus.core - Starting migrations 
2020-02-28 00:05:52,755 [main] DEBUG migratus.migrations - Looking for migrations in #object[java.io.File 0x2d6b53a3 /home/yangaxnkohla/Documents/DevProjects/mortgag-calculator/resources/migrations] 
2020-02-28 00:05:52,829 [main] INFO  migratus.core - Ending migrations 
2020-02-28 00:06:50,516 [main] INFO  mortgag-calculator.env - 
-=[mortgag-calculator started successfully using the development profile]=- 
2020-02-28 00:06:53,456 [main] INFO  luminus.http-server - server started on port 3000 
2020-02-28 00:06:53,465 [main] INFO  mortgag-calculator.nrepl - starting nREPL server on port 7000 
2020-02-28 00:06:53,565 [main] INFO  mortgag-calculator.core - #'mortgag-calculator.db.core/*db* started 
2020-02-28 00:06:53,565 [main] INFO  mortgag-calculator.core - #'mortgag-calculator.handler/init-app started 
2020-02-28 00:06:53,565 [main] INFO  mortgag-calculator.core - #'mortgag-calculator.handler/app-routes started 
2020-02-28 00:06:53,566 [main] INFO  mortgag-calculator.core - #'mortgag-calculator.core/http-server started 
2020-02-28 00:06:53,566 [main] INFO  mortgag-calculator.core - #'mortgag-calculator.core/repl-server started 
2020-02-28 00:15:37,004 [Thread-10] INFO  mortgag-calculator.nrepl - nREPL server stopped 
2020-02-28 00:15:37,395 [Thread-10] INFO  luminus.http-server - HTTP server stopped 
2020-02-28 00:15:37,396 [Thread-10] INFO  mortgag-calculator.env - 
-=[mortgag-calculator has shut down successfully]=- 
2020-02-28 00:15:37,409 [Thread-10] INFO  mortgag-calculator.core - #'mortgag-calculator.core/repl-server stopped 
2020-02-28 00:15:37,410 [Thread-10] INFO  mortgag-calculator.core - #'mortgag-calculator.core/http-server stopped 
2020-02-28 00:15:37,410 [Thread-10] INFO  mortgag-calculator.core - #'mortgag-calculator.handler/init-app stopped 
2020-02-28 00:15:37,411 [Thread-10] INFO  mortgag-calculator.core - #'mortgag-calculator.db.core/*db* stopped 
2020-02-28 00:16:20,064 [main] INFO  migratus.core - Starting migrations 
2020-02-28 00:16:20,794 [main] DEBUG migratus.migrations - Looking for migrations in #object[java.io.File 0x204e6dda /home/yangaxnkohla/Documents/DevProjects/mortgag-calculator/resources/migrations] 
2020-02-28 00:16:20,830 [main] INFO  migratus.core - Ending migrations 
2020-02-28 00:16:59,625 [main] INFO  mortgag-calculator.env - 
-=[mortgag-calculator started successfully using the development profile]=- 
2020-02-28 00:17:01,012 [main] INFO  luminus.http-server - server started on port 3000 
2020-02-28 00:17:01,020 [main] INFO  mortgag-calculator.nrepl - starting nREPL server on port 7000 
2020-02-28 00:17:01,062 [main] INFO  mortgag-calculator.core - #'mortgag-calculator.db.core/*db* started 
2020-02-28 00:17:01,064 [main] INFO  mortgag-calculator.core - #'mortgag-calculator.handler/init-app started 
2020-02-28 00:17:01,064 [main] INFO  mortgag-calculator.core - #'mortgag-calculator.handler/app-routes started 
2020-02-28 00:17:01,064 [main] INFO  mortgag-calculator.core - #'mortgag-calculator.core/http-server started 
2020-02-28 00:17:01,064 [main] INFO  mortgag-calculator.core - #'mortgag-calculator.core/repl-server started 
2020-02-28 00:33:23,643 [qtp1655257549-26] INFO  mortgag-calculator.env - 
-=[mortgag-calculator has shut down successfully]=- 
2020-02-28 00:33:23,648 [qtp1655257549-26] INFO  mortgag-calculator.env - 
-=[mortgag-calculator started successfully using the development profile]=- 
2020-02-28 00:38:07,746 [Thread-10] INFO  mortgag-calculator.nrepl - nREPL server stopped 
2020-02-28 00:38:07,766 [Thread-10] INFO  luminus.http-server - HTTP server stopped 
2020-02-28 00:38:07,767 [Thread-10] INFO  mortgag-calculator.env - 
-=[mortgag-calculator has shut down successfully]=- 
2020-02-28 00:38:07,798 [Thread-10] INFO  mortgag-calculator.core - #'mortgag-calculator.core/repl-server stopped 
2020-02-28 00:38:07,799 [Thread-10] INFO  mortgag-calculator.core - #'mortgag-calculator.core/http-server stopped 
2020-02-28 00:38:07,799 [Thread-10] INFO  mortgag-calculator.core - #'mortgag-calculator.handler/init-app stopped 
2020-02-28 00:38:07,799 [Thread-10] INFO  mortgag-calculator.core - #'mortgag-calculator.db.core/*db* stopped 
2020-02-28 00:39:35,807 [main] INFO  migratus.core - Starting migrations 
2020-02-28 00:39:36,275 [main] DEBUG migratus.migrations - Looking for migrations in #object[java.io.File 0x28f74096 /home/yangaxnkohla/Documents/DevProjects/mortgag-calculator/resources/migrations] 
2020-02-28 00:39:36,294 [main] INFO  migratus.core - Ending migrations 
2020-02-28 00:40:06,626 [main] INFO  mortgag-calculator.env - 
-=[mortgag-calculator started successfully using the development profile]=- 
2020-02-28 00:40:07,787 [main] INFO  luminus.http-server - server started on port 3000 
2020-02-28 00:40:07,788 [main] INFO  mortgag-calculator.nrepl - starting nREPL server on port 7000 
2020-02-28 00:40:07,831 [main] INFO  mortgag-calculator.core - #'mortgag-calculator.db.core/*db* started 
2020-02-28 00:40:07,831 [main] INFO  mortgag-calculator.core - #'mortgag-calculator.handler/init-app started 
2020-02-28 00:40:07,831 [main] INFO  mortgag-calculator.core - #'mortgag-calculator.handler/app-routes started 
2020-02-28 00:40:07,831 [main] INFO  mortgag-calculator.core - #'mortgag-calculator.core/http-server started 
2020-02-28 00:40:07,832 [main] INFO  mortgag-calculator.core - #'mortgag-calculator.core/repl-server started 
2020-02-28 00:42:26,181 [Thread-10] INFO  mortgag-calculator.nrepl - nREPL server stopped 
2020-02-28 00:42:26,201 [Thread-10] INFO  luminus.http-server - HTTP server stopped 
2020-02-28 00:42:26,202 [Thread-10] INFO  mortgag-calculator.env - 
-=[mortgag-calculator has shut down successfully]=- 
2020-02-28 00:42:26,243 [Thread-10] INFO  mortgag-calculator.core - #'mortgag-calculator.core/repl-server stopped 
2020-02-28 00:42:26,244 [Thread-10] INFO  mortgag-calculator.core - #'mortgag-calculator.core/http-server stopped 
2020-02-28 00:42:26,244 [Thread-10] INFO  mortgag-calculator.core - #'mortgag-calculator.handler/init-app stopped 
2020-02-28 00:42:26,244 [Thread-10] INFO  mortgag-calculator.core - #'mortgag-calculator.db.core/*db* stopped 
2020-02-28 00:42:57,254 [main] INFO  mortgag-calculator.env - 
-=[mortgag-calculator started successfully using the development profile]=- 
2020-02-28 00:42:58,448 [main] INFO  luminus.http-server - server started on port 3000 
2020-02-28 00:42:58,459 [main] INFO  mortgag-calculator.nrepl - starting nREPL server on port 7000 
2020-02-28 00:42:58,513 [main] INFO  mortgag-calculator.core - #'mortgag-calculator.db.core/*db* started 
2020-02-28 00:42:58,513 [main] INFO  mortgag-calculator.core - #'mortgag-calculator.handler/init-app started 
2020-02-28 00:42:58,514 [main] INFO  mortgag-calculator.core - #'mortgag-calculator.handler/app-routes started 
2020-02-28 00:42:58,515 [main] INFO  mortgag-calculator.core - #'mortgag-calculator.core/http-server started 
2020-02-28 00:42:58,515 [main] INFO  mortgag-calculator.core - #'mortgag-calculator.core/repl-server started 
2020-02-28 00:48:11,758 [Thread-10] INFO  mortgag-calculator.nrepl - nREPL server stopped 
2020-02-28 00:48:11,973 [Thread-10] INFO  luminus.http-server - HTTP server stopped 
2020-02-28 00:48:11,975 [Thread-10] INFO  mortgag-calculator.env - 
-=[mortgag-calculator has shut down successfully]=- 
2020-02-28 00:48:11,993 [Thread-10] INFO  mortgag-calculator.core - #'mortgag-calculator.core/repl-server stopped 
2020-02-28 00:48:11,993 [Thread-10] INFO  mortgag-calculator.core - #'mortgag-calculator.core/http-server stopped 
2020-02-28 00:48:11,993 [Thread-10] INFO  mortgag-calculator.core - #'mortgag-calculator.handler/init-app stopped 
2020-02-28 00:48:11,994 [Thread-10] INFO  mortgag-calculator.core - #'mortgag-calculator.db.core/*db* stopped 
2020-02-28 00:49:05,227 [main] INFO  migratus.core - Starting migrations 
2020-02-28 00:49:05,936 [main] DEBUG migratus.migrations - Looking for migrations in #object[java.io.File 0x28f74096 /home/yangaxnkohla/Documents/DevProjects/mortgag-calculator/resources/migrations] 
2020-02-28 00:49:05,978 [main] INFO  migratus.core - Ending migrations 
2020-02-28 00:49:44,661 [main] INFO  mortgag-calculator.env - 
-=[mortgag-calculator started successfully using the development profile]=- 
2020-02-28 00:49:46,202 [main] INFO  luminus.http-server - server started on port 3000 
2020-02-28 00:49:46,205 [main] INFO  mortgag-calculator.nrepl - starting nREPL server on port 7000 
2020-02-28 00:49:46,236 [main] INFO  mortgag-calculator.core - #'mortgag-calculator.db.core/*db* started 
2020-02-28 00:49:46,239 [main] INFO  mortgag-calculator.core - #'mortgag-calculator.handler/init-app started 
2020-02-28 00:49:46,243 [main] INFO  mortgag-calculator.core - #'mortgag-calculator.handler/app-routes started 
2020-02-28 00:49:46,244 [main] INFO  mortgag-calculator.core - #'mortgag-calculator.core/http-server started 
2020-02-28 00:49:46,245 [main] INFO  mortgag-calculator.core - #'mortgag-calculator.core/repl-server started 
2020-02-28 22:39:20,201 [main] ERROR com.zaxxer.hikari.pool.HikariPool - HikariPool-1 - Exception during pool initialization. 
org.h2.jdbc.JdbcSQLNonTransientConnectionException: Database may be already in use: null. Possible solutions: close all other connection(s); use the server mode [90020-200]
	at org.h2.message.DbException.getJdbcSQLException(DbException.java:622)
	at org.h2.message.DbException.getJdbcSQLException(DbException.java:429)
	at org.h2.message.DbException.get(DbException.java:194)
	at org.h2.mvstore.db.MVTableEngine$Store.convertIllegalStateException(MVTableEngine.java:206)
	at org.h2.mvstore.db.MVTableEngine$Store.open(MVTableEngine.java:182)
	at org.h2.mvstore.db.MVTableEngine.init(MVTableEngine.java:103)
	at org.h2.engine.Database.getPageStore(Database.java:2659)
	at org.h2.engine.Database.open(Database.java:675)
	at org.h2.engine.Database.openDatabase(Database.java:307)
	at org.h2.engine.Database.<init>(Database.java:301)
	at org.h2.engine.Engine.openSession(Engine.java:74)
	at org.h2.engine.Engine.openSession(Engine.java:192)
	at org.h2.engine.Engine.createSessionAndValidate(Engine.java:171)
	at org.h2.engine.Engine.createSession(Engine.java:166)
	at org.h2.engine.Engine.createSession(Engine.java:29)
	at org.h2.engine.SessionRemote.connectEmbeddedOrServer(SessionRemote.java:340)
	at org.h2.jdbc.JdbcConnection.<init>(JdbcConnection.java:173)
	at org.h2.jdbc.JdbcConnection.<init>(JdbcConnection.java:152)
	at org.h2.Driver.connect(Driver.java:69)
	at com.zaxxer.hikari.util.DriverDataSource.getConnection(DriverDataSource.java:121)
	at com.zaxxer.hikari.pool.PoolBase.newConnection(PoolBase.java:353)
	at com.zaxxer.hikari.pool.PoolBase.newPoolEntry(PoolBase.java:201)
	at com.zaxxer.hikari.pool.HikariPool.createPoolEntry(HikariPool.java:473)
	at com.zaxxer.hikari.pool.HikariPool.checkFailFast(HikariPool.java:562)
	at com.zaxxer.hikari.pool.HikariPool.<init>(HikariPool.java:115)
	at com.zaxxer.hikari.HikariDataSource.<init>(HikariDataSource.java:81)
	at hikari_cp.core$make_datasource.invokeStatic(core.clj:267)
	at hikari_cp.core$make_datasource.invoke(core.clj:264)
	at conman.core$connect_BANG_.invokeStatic(core.clj:151)
	at conman.core$connect_BANG_.invoke(core.clj:147)
	at mortgag_calculator.db.core$eval13829$fn__13830.invoke(core.clj:20)
	at mount.core$record_BANG_.invokeStatic(core.cljc:74)
	at mount.core$record_BANG_.invoke(core.cljc:73)
	at mount.core$up$fn__433.invoke(core.cljc:81)
	at mount.core$up.invokeStatic(core.cljc:80)
	at mount.core$up.invoke(core.cljc:78)
	at mount.core$bring.invokeStatic(core.cljc:247)
	at mount.core$bring.invoke(core.cljc:239)
	at mount.core$start.invokeStatic(core.cljc:289)
	at mount.core$start.doInvoke(core.cljc:281)
	at clojure.lang.RestFn.invoke(RestFn.java:397)
	at mount.core$start_with_args.invokeStatic(core.cljc:389)
	at mount.core$start_with_args.doInvoke(core.cljc:385)
	at clojure.lang.RestFn.invoke(RestFn.java:410)
	at mortgag_calculator.core$start_app.invokeStatic(core.clj:50)
	at mortgag_calculator.core$start_app.invoke(core.clj:49)
	at mortgag_calculator.core$_main.invokeStatic(core.clj:73)
	at mortgag_calculator.core$_main.doInvoke(core.clj:57)
	at clojure.lang.RestFn.invoke(RestFn.java:397)
	at clojure.lang.Var.invoke(Var.java:380)
	at user$eval18096.invokeStatic(form-init4245712864238905000.clj:1)
	at user$eval18096.invoke(form-init4245712864238905000.clj:1)
	at clojure.lang.Compiler.eval(Compiler.java:7177)
	at clojure.lang.Compiler.eval(Compiler.java:7167)
	at clojure.lang.Compiler.load(Compiler.java:7636)
	at clojure.lang.Compiler.loadFile(Compiler.java:7574)
	at clojure.main$load_script.invokeStatic(main.clj:475)
	at clojure.main$init_opt.invokeStatic(main.clj:477)
	at clojure.main$init_opt.invoke(main.clj:477)
	at clojure.main$initialize.invokeStatic(main.clj:508)
	at clojure.main$null_opt.invokeStatic(main.clj:542)
	at clojure.main$null_opt.invoke(main.clj:539)
	at clojure.main$main.invokeStatic(main.clj:664)
	at clojure.main$main.doInvoke(main.clj:616)
	at clojure.lang.RestFn.applyTo(RestFn.java:137)
	at clojure.lang.Var.applyTo(Var.java:705)
	at clojure.main.main(main.java:40)
Caused by: java.lang.IllegalStateException: The file is locked: nio:/home/yangaxnkohla/Documents/DevProjects/mortgag-calculator/mortgag_calculator_dev.db.mv.db [1.4.200/7]
	at org.h2.mvstore.DataUtils.newIllegalStateException(DataUtils.java:950)
	at org.h2.mvstore.FileStore.open(FileStore.java:172)
	at org.h2.mvstore.MVStore.<init>(MVStore.java:381)
	at org.h2.mvstore.MVStore$Builder.open(MVStore.java:3579)
	at org.h2.mvstore.db.MVTableEngine$Store.open(MVTableEngine.java:170)
	... 62 common frames omitted
2020-02-28 22:41:42,095 [main] INFO  migratus.core - Starting migrations 
2020-02-28 22:41:47,596 [main] ERROR migratus.database - Error creating DB connection for {:connection-uri "jdbc:h2:./mortgag_calculator_dev.db"} 
org.h2.jdbc.JdbcSQLNonTransientConnectionException: Database may be already in use: null. Possible solutions: close all other connection(s); use the server mode [90020-200]
	at org.h2.message.DbException.getJdbcSQLException(DbException.java:622)
	at org.h2.message.DbException.getJdbcSQLException(DbException.java:429)
	at org.h2.message.DbException.get(DbException.java:194)
	at org.h2.mvstore.db.MVTableEngine$Store.convertIllegalStateException(MVTableEngine.java:206)
	at org.h2.mvstore.db.MVTableEngine$Store.open(MVTableEngine.java:182)
	at org.h2.mvstore.db.MVTableEngine.init(MVTableEngine.java:103)
	at org.h2.engine.Database.getPageStore(Database.java:2659)
	at org.h2.engine.Database.open(Database.java:675)
	at org.h2.engine.Database.openDatabase(Database.java:307)
	at org.h2.engine.Database.<init>(Database.java:301)
	at org.h2.engine.Engine.openSession(Engine.java:74)
	at org.h2.engine.Engine.openSession(Engine.java:192)
	at org.h2.engine.Engine.createSessionAndValidate(Engine.java:171)
	at org.h2.engine.Engine.createSession(Engine.java:166)
	at org.h2.engine.Engine.createSession(Engine.java:29)
	at org.h2.engine.SessionRemote.connectEmbeddedOrServer(SessionRemote.java:340)
	at org.h2.jdbc.JdbcConnection.<init>(JdbcConnection.java:173)
	at org.h2.jdbc.JdbcConnection.<init>(JdbcConnection.java:152)
	at org.h2.Driver.connect(Driver.java:69)
	at java.sql.DriverManager.getConnection(DriverManager.java:664)
	at java.sql.DriverManager.getConnection(DriverManager.java:270)
	at clojure.java.jdbc$get_connection.invokeStatic(jdbc.clj:365)
	at clojure.java.jdbc$get_connection.invoke(jdbc.clj:257)
	at clojure.java.jdbc$get_connection.invokeStatic(jdbc.clj:326)
	at clojure.java.jdbc$get_connection.invoke(jdbc.clj:257)
	at migratus.database$connect_STAR_$fn__17359.invoke(database.clj:122)
	at migratus.database$connect_STAR_.invokeStatic(database.clj:121)
	at migratus.database$connect_STAR_.invoke(database.clj:114)
	at migratus.database.Database.connect(database.clj:269)
	at migratus.core$run.invokeStatic(core.clj:25)
	at migratus.core$run.invoke(core.clj:22)
	at migratus.core$migrate.invokeStatic(core.clj:83)
	at migratus.core$migrate.invoke(core.clj:78)
	at luminus_migrations.core$fn__17527.invokeStatic(core.clj:44)
	at luminus_migrations.core$fn__17527.invoke(core.clj:41)
	at luminus_migrations.core$migrate.invokeStatic(core.clj:97)
	at luminus_migrations.core$migrate.invoke(core.clj:83)
	at mortgag_calculator.core$_main.invokeStatic(core.clj:70)
	at mortgag_calculator.core$_main.doInvoke(core.clj:57)
	at clojure.lang.RestFn.invoke(RestFn.java:408)
	at clojure.lang.Var.invoke(Var.java:384)
	at user$eval18096.invokeStatic(form-init8899846801754878376.clj:1)
	at user$eval18096.invoke(form-init8899846801754878376.clj:1)
	at clojure.lang.Compiler.eval(Compiler.java:7177)
	at clojure.lang.Compiler.eval(Compiler.java:7167)
	at clojure.lang.Compiler.load(Compiler.java:7636)
	at clojure.lang.Compiler.loadFile(Compiler.java:7574)
	at clojure.main$load_script.invokeStatic(main.clj:475)
	at clojure.main$init_opt.invokeStatic(main.clj:477)
	at clojure.main$init_opt.invoke(main.clj:477)
	at clojure.main$initialize.invokeStatic(main.clj:508)
	at clojure.main$null_opt.invokeStatic(main.clj:542)
	at clojure.main$null_opt.invoke(main.clj:539)
	at clojure.main$main.invokeStatic(main.clj:664)
	at clojure.main$main.doInvoke(main.clj:616)
	at clojure.lang.RestFn.applyTo(RestFn.java:137)
	at clojure.lang.Var.applyTo(Var.java:705)
	at clojure.main.main(main.java:40)
Caused by: java.lang.IllegalStateException: The file is locked: nio:/home/yangaxnkohla/Documents/DevProjects/mortgag-calculator/mortgag_calculator_dev.db.mv.db [1.4.200/7]
	at org.h2.mvstore.DataUtils.newIllegalStateException(DataUtils.java:950)
	at org.h2.mvstore.FileStore.open(FileStore.java:172)
	at org.h2.mvstore.MVStore.<init>(MVStore.java:381)
	at org.h2.mvstore.MVStore$Builder.open(MVStore.java:3579)
	at org.h2.mvstore.db.MVTableEngine$Store.open(MVTableEngine.java:170)
	... 53 common frames omitted
2020-02-28 22:41:47,598 [main] INFO  migratus.core - Ending migrations 
2020-02-28 22:50:58,122 [main] INFO  mortgag-calculator.env - 
-=[mortgag-calculator started successfully using the development profile]=- 
2020-02-28 22:50:59,453 [main] INFO  luminus.http-server - server started on port 3000 
2020-02-28 22:50:59,463 [main] INFO  mortgag-calculator.nrepl - starting nREPL server on port 7000 
2020-02-28 22:50:59,507 [main] INFO  mortgag-calculator.core - #'mortgag-calculator.db.core/*db* started 
2020-02-28 22:50:59,507 [main] INFO  mortgag-calculator.core - #'mortgag-calculator.handler/init-app started 
2020-02-28 22:50:59,508 [main] INFO  mortgag-calculator.core - #'mortgag-calculator.handler/app-routes started 
2020-02-28 22:50:59,508 [main] INFO  mortgag-calculator.core - #'mortgag-calculator.core/http-server started 
2020-02-28 22:50:59,508 [main] INFO  mortgag-calculator.core - #'mortgag-calculator.core/repl-server started 
